# JRE version: OpenJDK Runtime Environment (8.0_152-b02) (build 1.8.0_152-release-1024-b02)
# Java VM: OpenJDK 64-Bit Server VM (25.152-b02 mixed mode windows-amd64 compressed oops)
Heap:
 PSYoungGen      total 171008K, used 39442K [0x00000000e0000000, 0x00000000edc00000, 0x0000000100000000)
  eden space 154624K, 15% used [0x00000000e0000000,0x00000000e16d2010,0x00000000e9700000)
  from space 16384K, 98% used [0x00000000ecc00000,0x00000000edbb29b8,0x00000000edc00000)
  to   space 30208K, 0% used [0x00000000ea100000,0x00000000ea100000,0x00000000ebe80000)
 ParOldGen       total 154624K, used 47836K [0x00000000a0000000, 0x00000000a9700000, 0x00000000e0000000)
  object space 154624K, 30% used [0x00000000a0000000,0x00000000a2eb70d8,0x00000000a9700000)
 Metaspace       used 86013K, capacity 91824K, committed 91904K, reserved 1128448K
  class space    used 11392K, capacity 12479K, committed 12544K, reserved 1048576K
GC Heap History (10 events):
Event: 3755.688 GC heap before
{Heap before GC invocations=21 (full 3):
 PSYoungGen      total 158720K, used 158181K [0x00000000e0000000, 0x00000000ebb80000, 0x0000000100000000)
  eden space 136704K, 99% used [0x00000000e0000000,0x00000000e850eaa0,0x00000000e8580000)
  from space 22016K, 99% used [0x00000000e9380000,0x00000000ea8eace8,0x00000000ea900000)
  to   space 18944K, 0% used [0x00000000ea900000,0x00000000ea900000,0x00000000ebb80000)
 ParOldGen       total 154624K, used 39296K [0x00000000a0000000, 0x00000000a9700000, 0x00000000e0000000)
  object space 154624K, 25% used [0x00000000a0000000,0x00000000a2660010,0x00000000a9700000)
 Metaspace       used 73757K, capacity 76476K, committed 76672K, reserved 1116160K
  class space    used 9599K, capacity 10257K, committed 10368K, reserved 1048576K
Event: 3755.700 GC heap after
Heap after GC invocations=21 (full 3):
 PSYoungGen      total 162304K, used 18943K [0x00000000e0000000, 0x00000000ed180000, 0x0000000100000000)
  eden space 143360K, 0% used [0x00000000e0000000,0x00000000e0000000,0x00000000e8c00000)
  from space 18944K, 99% used [0x00000000ea900000,0x00000000ebb7ff80,0x00000000ebb80000)
  to   space 29696K, 0% used [0x00000000e8c00000,0x00000000e8c00000,0x00000000ea900000)
 ParOldGen       total 154624K, used 42079K [0x00000000a0000000, 0x00000000a9700000, 0x00000000e0000000)
  object space 154624K, 27% used [0x00000000a0000000,0x00000000a2917e58,0x00000000a9700000)
 Metaspace       used 73757K, capacity 76476K, committed 76672K, reserved 1116160K
  class space    used 9599K, capacity 10257K, committed 10368K, reserved 1048576K
}
Event: 3759.190 GC heap before
{Heap before GC invocations=22 (full 3):
 PSYoungGen      total 162304K, used 162303K [0x00000000e0000000, 0x00000000ed180000, 0x0000000100000000)
  eden space 143360K, 100% used [0x00000000e0000000,0x00000000e8c00000,0x00000000e8c00000)
  from space 18944K, 99% used [0x00000000ea900000,0x00000000ebb7ff80,0x00000000ebb80000)
  to   space 29696K, 0% used [0x00000000e8c00000,0x00000000e8c00000,0x00000000ea900000)
 ParOldGen       total 154624K, used 42079K [0x00000000a0000000, 0x00000000a9700000, 0x00000000e0000000)
  object space 154624K, 27% used [0x00000000a0000000,0x00000000a2917e58,0x00000000a9700000)
 Metaspace       used 81062K, capacity 85420K, committed 85632K, reserved 1124352K
  class space    used 10709K, capacity 11617K, committed 11648K, reserved 1048576K
Event: 3759.206 GC heap after
Heap after GC invocations=22 (full 3):
 PSYoungGen      total 173056K, used 24282K [0x00000000e0000000, 0x00000000edb00000, 0x0000000100000000)
  eden space 143360K, 0% used [0x00000000e0000000,0x00000000e0000000,0x00000000e8c00000)
  from space 29696K, 81% used [0x00000000e8c00000,0x00000000ea3b6940,0x00000000ea900000)
  to   space 31744K, 0% used [0x00000000ebc00000,0x00000000ebc00000,0x00000000edb00000)
 ParOldGen       total 154624K, used 47812K [0x00000000a0000000, 0x00000000a9700000, 0x00000000e0000000)
  object space 154624K, 30% used [0x00000000a0000000,0x00000000a2eb10d8,0x00000000a9700000)
 Metaspace       used 81062K, capacity 85420K, committed 85632K, reserved 1124352K
  class space    used 10709K, capacity 11617K, committed 11648K, reserved 1048576K
}
Event: 3761.328 GC heap before
{Heap before GC invocations=23 (full 3):
 PSYoungGen      total 173056K, used 166985K [0x00000000e0000000, 0x00000000edb00000, 0x0000000100000000)
  eden space 143360K, 99% used [0x00000000e0000000,0x00000000e8b5bad0,0x00000000e8c00000)
  from space 29696K, 81% used [0x00000000e8c00000,0x00000000ea3b6940,0x00000000ea900000)
  to   space 31744K, 0% used [0x00000000ebc00000,0x00000000ebc00000,0x00000000edb00000)
 ParOldGen       total 154624K, used 47812K [0x00000000a0000000, 0x00000000a9700000, 0x00000000e0000000)
  object space 154624K, 30% used [0x00000000a0000000,0x00000000a2eb10d8,0x00000000a9700000)
 Metaspace       used 84782K, capacity 90280K, committed 90368K, reserved 1128448K
  class space    used 11241K, capacity 12281K, committed 12288K, reserved 1048576K
Event: 3761.344 GC heap after
Heap after GC invocations=23 (full 3):
 PSYoungGen      total 190464K, used 21391K [0x00000000e0000000, 0x00000000eda80000, 0x0000000100000000)
  eden space 159232K, 0% used [0x00000000e0000000,0x00000000e0000000,0x00000000e9b80000)
  from space 31232K, 68% used [0x00000000ebc00000,0x00000000ed0e3cc8,0x00000000eda80000)
  to   space 32256K, 0% used [0x00000000e9b80000,0x00000000e9b80000,0x00000000ebb00000)
 ParOldGen       total 154624K, used 47820K [0x00000000a0000000, 0x00000000a9700000, 0x00000000e0000000)
  object space 154624K, 30% used [0x00000000a0000000,0x00000000a2eb30d8,0x00000000a9700000)
 Metaspace       used 84782K, capacity 90280K, committed 90368K, reserved 1128448K
  class space    used 11241K, capacity 12281K, committed 12288K, reserved 1048576K
}
Event: 3762.625 GC heap before
{Heap before GC invocations=24 (full 3):
 PSYoungGen      total 190464K, used 179823K [0x00000000e0000000, 0x00000000eda80000, 0x0000000100000000)
  eden space 159232K, 99% used [0x00000000e0000000,0x00000000e9ab8220,0x00000000e9b80000)
  from space 31232K, 68% used [0x00000000ebc00000,0x00000000ed0e3cc8,0x00000000eda80000)
  to   space 32256K, 0% used [0x00000000e9b80000,0x00000000e9b80000,0x00000000ebb00000)
 ParOldGen       total 154624K, used 47820K [0x00000000a0000000, 0x00000000a9700000, 0x00000000e0000000)
  object space 154624K, 30% used [0x00000000a0000000,0x00000000a2eb30d8,0x00000000a9700000)
 Metaspace       used 85001K, capacity 90480K, committed 90752K, reserved 1128448K
  class space    used 11252K, capacity 12293K, committed 12416K, reserved 1048576K
Event: 3762.639 GC heap after
Heap after GC invocations=24 (full 3):
 PSYoungGen      total 191488K, used 18283K [0x00000000e0000000, 0x00000000eeb00000, 0x0000000100000000)
  eden space 159232K, 0% used [0x00000000e0000000,0x00000000e0000000,0x00000000e9b80000)
  from space 32256K, 56% used [0x00000000e9b80000,0x00000000ead5afc0,0x00000000ebb00000)
  to   space 31744K, 0% used [0x00000000ecc00000,0x00000000ecc00000,0x00000000eeb00000)
 ParOldGen       total 154624K, used 47828K [0x00000000a0000000, 0x00000000a9700000, 0x00000000e0000000)
  object space 154624K, 30% used [0x00000000a0000000,0x00000000a2eb50d8,0x00000000a9700000)
 Metaspace       used 85001K, capacity 90480K, committed 90752K, reserved 1128448K
  class space    used 11252K, capacity 12293K, committed 12416K, reserved 1048576K
}
Event: 3790.367 GC heap before
{Heap before GC invocations=25 (full 3):
 PSYoungGen      total 191488K, used 177515K [0x00000000e0000000, 0x00000000eeb00000, 0x0000000100000000)
  eden space 159232K, 100% used [0x00000000e0000000,0x00000000e9b80000,0x00000000e9b80000)
  from space 32256K, 56% used [0x00000000e9b80000,0x00000000ead5afc0,0x00000000ebb00000)
  to   space 31744K, 0% used [0x00000000ecc00000,0x00000000ecc00000,0x00000000eeb00000)
 ParOldGen       total 154624K, used 47828K [0x00000000a0000000, 0x00000000a9700000, 0x00000000e0000000)
  object space 154624K, 30% used [0x00000000a0000000,0x00000000a2eb50d8,0x00000000a9700000)
 Metaspace       used 85923K, capacity 91570K, committed 91904K, reserved 1128448K
  class space    used 11380K, capacity 12458K, committed 12544K, reserved 1048576K
Event: 3790.388 GC heap after
Heap after GC invocations=25 (full 3):
 PSYoungGen      total 171008K, used 16074K [0x00000000e0000000, 0x00000000edc00000, 0x0000000100000000)
  eden space 154624K, 0% used [0x00000000e0000000,0x00000000e0000000,0x00000000e9700000)
  from space 16384K, 98% used [0x00000000ecc00000,0x00000000edbb29b8,0x00000000edc00000)
  to   space 30208K, 0% used [0x00000000ea100000,0x00000000ea100000,0x00000000ebe80000)
 ParOldGen       total 154624K, used 47836K [0x00000000a0000000, 0x00000000a9700000, 0x00000000e0000000)
  object space 154624K, 30% used [0x00000000a0000000,0x00000000a2eb70d8,0x00000000a9700000)
 Metaspace       used 85923K, capacity 91570K, committed 91904K, reserved 1128448K
  class space    used 11380K, capacity 12458K, committed 12544K, reserved 1048576K
}

