# JRE version: OpenJDK Runtime Environment (8.0_152-b02) (build 1.8.0_152-release-1024-b02)
# Java VM: OpenJDK 64-Bit Server VM (25.152-b02 mixed mode windows-amd64 compressed oops)
Heap:
 PSYoungGen      total 194048K, used 118163K [0x00000000e0000000, 0x00000000efc00000, 0x0000000100000000)
  eden space 172032K, 68% used [0x00000000e0000000,0x00000000e7364f18,0x00000000ea800000)
  from space 22016K, 0% used [0x00000000ea800000,0x00000000ea800000,0x00000000ebd80000)
  to   space 24064K, 0% used [0x00000000ee480000,0x00000000ee480000,0x00000000efc00000)
 ParOldGen       total 156672K, used 38354K [0x00000000a0000000, 0x00000000a9900000, 0x00000000e0000000)
  object space 156672K, 24% used [0x00000000a0000000,0x00000000a2574920,0x00000000a9900000)
 Metaspace       used 65429K, capacity 68564K, committed 68736K, reserved 1107968K
  class space    used 8911K, capacity 9551K, committed 9600K, reserved 1048576K
GC Heap History (10 events):
Event: 6.095 GC heap before
{Heap before GC invocations=10 (full 2):
 PSYoungGen      total 141312K, used 131584K [0x00000000e0000000, 0x00000000eaa00000, 0x0000000100000000)
  eden space 131584K, 100% used [0x00000000e0000000,0x00000000e8080000,0x00000000e8080000)
  from space 9728K, 0% used [0x00000000e8080000,0x00000000e8080000,0x00000000e8a00000)
  to   space 12800K, 0% used [0x00000000e9d80000,0x00000000e9d80000,0x00000000eaa00000)
 ParOldGen       total 104960K, used 19200K [0x00000000a0000000, 0x00000000a6680000, 0x00000000e0000000)
  object space 104960K, 18% used [0x00000000a0000000,0x00000000a12c02a8,0x00000000a6680000)
 Metaspace       used 44956K, capacity 45860K, committed 45952K, reserved 1089536K
  class space    used 6163K, capacity 6467K, committed 6528K, reserved 1048576K
Event: 6.106 GC heap after
Heap after GC invocations=10 (full 2):
 PSYoungGen      total 159232K, used 12769K [0x00000000e0000000, 0x00000000ec880000, 0x0000000100000000)
  eden space 146432K, 0% used [0x00000000e0000000,0x00000000e0000000,0x00000000e8f00000)
  from space 12800K, 99% used [0x00000000e9d80000,0x00000000ea9f8628,0x00000000eaa00000)
  to   space 14848K, 0% used [0x00000000e8f00000,0x00000000e8f00000,0x00000000e9d80000)
 ParOldGen       total 104960K, used 21042K [0x00000000a0000000, 0x00000000a6680000, 0x00000000e0000000)
  object space 104960K, 20% used [0x00000000a0000000,0x00000000a148c840,0x00000000a6680000)
 Metaspace       used 44956K, capacity 45860K, committed 45952K, reserved 1089536K
  class space    used 6163K, capacity 6467K, committed 6528K, reserved 1048576K
}
Event: 8.267 GC heap before
{Heap before GC invocations=11 (full 2):
 PSYoungGen      total 159232K, used 159201K [0x00000000e0000000, 0x00000000ec880000, 0x0000000100000000)
  eden space 146432K, 100% used [0x00000000e0000000,0x00000000e8f00000,0x00000000e8f00000)
  from space 12800K, 99% used [0x00000000e9d80000,0x00000000ea9f8628,0x00000000eaa00000)
  to   space 14848K, 0% used [0x00000000e8f00000,0x00000000e8f00000,0x00000000e9d80000)
 ParOldGen       total 104960K, used 21042K [0x00000000a0000000, 0x00000000a6680000, 0x00000000e0000000)
  object space 104960K, 20% used [0x00000000a0000000,0x00000000a148c840,0x00000000a6680000)
 Metaspace       used 53681K, capacity 55306K, committed 55424K, reserved 1097728K
  class space    used 7353K, capacity 7782K, committed 7808K, reserved 1048576K
Event: 8.286 GC heap after
Heap after GC invocations=11 (full 2):
 PSYoungGen      total 161280K, used 14829K [0x00000000e0000000, 0x00000000ed080000, 0x0000000100000000)
  eden space 146432K, 0% used [0x00000000e0000000,0x00000000e0000000,0x00000000e8f00000)
  from space 14848K, 99% used [0x00000000e8f00000,0x00000000e9d7b510,0x00000000e9d80000)
  to   space 19456K, 0% used [0x00000000ebd80000,0x00000000ebd80000,0x00000000ed080000)
 ParOldGen       total 104960K, used 27806K [0x00000000a0000000, 0x00000000a6680000, 0x00000000e0000000)
  object space 104960K, 26% used [0x00000000a0000000,0x00000000a1b27828,0x00000000a6680000)
 Metaspace       used 53681K, capacity 55306K, committed 55424K, reserved 1097728K
  class space    used 7353K, capacity 7782K, committed 7808K, reserved 1048576K
}
Event: 10.456 GC heap before
{Heap before GC invocations=12 (full 2):
 PSYoungGen      total 161280K, used 161261K [0x00000000e0000000, 0x00000000ed080000, 0x0000000100000000)
  eden space 146432K, 100% used [0x00000000e0000000,0x00000000e8f00000,0x00000000e8f00000)
  from space 14848K, 99% used [0x00000000e8f00000,0x00000000e9d7b510,0x00000000e9d80000)
  to   space 19456K, 0% used [0x00000000ebd80000,0x00000000ebd80000,0x00000000ed080000)
 ParOldGen       total 104960K, used 27806K [0x00000000a0000000, 0x00000000a6680000, 0x00000000e0000000)
  object space 104960K, 26% used [0x00000000a0000000,0x00000000a1b27828,0x00000000a6680000)
 Metaspace       used 56322K, capacity 58214K, committed 58368K, reserved 1099776K
  class space    used 7671K, capacity 8124K, committed 8192K, reserved 1048576K
Event: 10.475 GC heap after
Heap after GC invocations=12 (full 2):
 PSYoungGen      total 191488K, used 19250K [0x00000000e0000000, 0x00000000ed480000, 0x0000000100000000)
  eden space 172032K, 0% used [0x00000000e0000000,0x00000000e0000000,0x00000000ea800000)
  from space 19456K, 98% used [0x00000000ebd80000,0x00000000ed04c8b0,0x00000000ed080000)
  to   space 22016K, 0% used [0x00000000ea800000,0x00000000ea800000,0x00000000ebd80000)
 ParOldGen       total 104960K, used 27814K [0x00000000a0000000, 0x00000000a6680000, 0x00000000e0000000)
  object space 104960K, 26% used [0x00000000a0000000,0x00000000a1b29828,0x00000000a6680000)
 Metaspace       used 56322K, capacity 58214K, committed 58368K, reserved 1099776K
  class space    used 7671K, capacity 8124K, committed 8192K, reserved 1048576K
}
Event: 11.080 GC heap before
{Heap before GC invocations=13 (full 2):
 PSYoungGen      total 191488K, used 39268K [0x00000000e0000000, 0x00000000ed480000, 0x0000000100000000)
  eden space 172032K, 11% used [0x00000000e0000000,0x00000000e138c848,0x00000000ea800000)
  from space 19456K, 98% used [0x00000000ebd80000,0x00000000ed04c8b0,0x00000000ed080000)
  to   space 22016K, 0% used [0x00000000ea800000,0x00000000ea800000,0x00000000ebd80000)
 ParOldGen       total 104960K, used 27814K [0x00000000a0000000, 0x00000000a6680000, 0x00000000e0000000)
  object space 104960K, 26% used [0x00000000a0000000,0x00000000a1b29828,0x00000000a6680000)
 Metaspace       used 56916K, capacity 58868K, committed 59008K, reserved 1099776K
  class space    used 7751K, capacity 8207K, committed 8320K, reserved 1048576K
Event: 11.094 GC heap after
Heap after GC invocations=13 (full 2):
 PSYoungGen      total 194048K, used 18979K [0x00000000e0000000, 0x00000000efc00000, 0x0000000100000000)
  eden space 172032K, 0% used [0x00000000e0000000,0x00000000e0000000,0x00000000ea800000)
  from space 22016K, 86% used [0x00000000ea800000,0x00000000eba88e30,0x00000000ebd80000)
  to   space 24064K, 0% used [0x00000000ee480000,0x00000000ee480000,0x00000000efc00000)
 ParOldGen       total 104960K, used 27822K [0x00000000a0000000, 0x00000000a6680000, 0x00000000e0000000)
  object space 104960K, 26% used [0x00000000a0000000,0x00000000a1b2b828,0x00000000a6680000)
 Metaspace       used 56916K, capacity 58868K, committed 59008K, reserved 1099776K
  class space    used 7751K, capacity 8207K, committed 8320K, reserved 1048576K
}
Event: 11.094 GC heap before
{Heap before GC invocations=14 (full 3):
 PSYoungGen      total 194048K, used 18979K [0x00000000e0000000, 0x00000000efc00000, 0x0000000100000000)
  eden space 172032K, 0% used [0x00000000e0000000,0x00000000e0000000,0x00000000ea800000)
  from space 22016K, 86% used [0x00000000ea800000,0x00000000eba88e30,0x00000000ebd80000)
  to   space 24064K, 0% used [0x00000000ee480000,0x00000000ee480000,0x00000000efc00000)
 ParOldGen       total 104960K, used 27822K [0x00000000a0000000, 0x00000000a6680000, 0x00000000e0000000)
  object space 104960K, 26% used [0x00000000a0000000,0x00000000a1b2b828,0x00000000a6680000)
 Metaspace       used 56916K, capacity 58868K, committed 59008K, reserved 1099776K
  class space    used 7751K, capacity 8207K, committed 8320K, reserved 1048576K
Event: 11.255 GC heap after
Heap after GC invocations=14 (full 3):
 PSYoungGen      total 194048K, used 0K [0x00000000e0000000, 0x00000000efc00000, 0x0000000100000000)
  eden space 172032K, 0% used [0x00000000e0000000,0x00000000e0000000,0x00000000ea800000)
  from space 22016K, 0% used [0x00000000ea800000,0x00000000ea800000,0x00000000ebd80000)
  to   space 24064K, 0% used [0x00000000ee480000,0x00000000ee480000,0x00000000efc00000)
 ParOldGen       total 156672K, used 38354K [0x00000000a0000000, 0x00000000a9900000, 0x00000000e0000000)
  object space 156672K, 24% used [0x00000000a0000000,0x00000000a2574920,0x00000000a9900000)
 Metaspace       used 56916K, capacity 58868K, committed 59008K, reserved 1099776K
  class space    used 7751K, capacity 8207K, committed 8320K, reserved 1048576K
}

